Performing C++ SOURCE FILE Test CMAKE_HAVE_LIBC_PTHREAD failed with the following output:
Change Dir: /mntpliki_mic/C++/MealApp/build/CMakeFiles/CMakeTmp

Run Build Command(s):/usr/bin/make cmTC_3b833/fast && /usr/bin/make -f CMakeFiles/cmTC_3b833.dir/build.make CMakeFiles/cmTC_3b833.dir/build
make[1]: Entering directory '/mntpliki_mic/C++/MealApp/build/CMakeFiles/CMakeTmp'
Building CXX object CMakeFiles/cmTC_3b833.dir/src.cxx.o
/bin/x86_64-linux-gnu-g++-9    -DCMAKE_HAVE_LIBC_PTHREAD   -std=gnu++17 -o CMakeFiles/cmTC_3b833.dir/src.cxx.o -c /mntpliki_mic/C++/MealApp/build/CMakeFiles/CMakeTmp/src.cxx
Linking CXX executable cmTC_3b833
/usr/bin/cmake -E cmake_link_script CMakeFiles/cmTC_3b833.dir/link.txt --verbose=1
/bin/x86_64-linux-gnu-g++-9   -DCMAKE_HAVE_LIBC_PTHREAD    CMakeFiles/cmTC_3b833.dir/src.cxx.o  -o cmTC_3b833 
/usr/bin/ld: CMakeFiles/cmTC_3b833.dir/src.cxx.o: in function `main':
src.cxx:(.text+0x46): undefined reference to `pthread_create'
/usr/bin/ld: src.cxx:(.text+0x52): undefined reference to `pthread_detach'
/usr/bin/ld: src.cxx:(.text+0x63): undefined reference to `pthread_join'
collect2: error: ld returned 1 exit status
make[1]: *** [CMakeFiles/cmTC_3b833.dir/build.make:87: cmTC_3b833] Error 1
make[1]: Leaving directory '/mntpliki_mic/C++/MealApp/build/CMakeFiles/CMakeTmp'
make: *** [Makefile:121: cmTC_3b833/fast] Error 2


Source file was:
#include <pthread.h>

void* test_func(void* data)
{
  return data;
}

int main(void)
{
  pthread_t thread;
  pthread_create(&thread, NULL, test_func, NULL);
  pthread_detach(thread);
  pthread_join(thread, NULL);
  pthread_atfork(NULL, NULL, NULL);
  pthread_exit(NULL);

  return 0;
}

Determining if the function pthread_create exists in the pthreads failed with the following output:
Change Dir: /mntpliki_mic/C++/MealApp/build/CMakeFiles/CMakeTmp

Run Build Command(s):/usr/bin/make cmTC_cd275/fast && /usr/bin/make -f CMakeFiles/cmTC_cd275.dir/build.make CMakeFiles/cmTC_cd275.dir/build
make[1]: Entering directory '/mntpliki_mic/C++/MealApp/build/CMakeFiles/CMakeTmp'
Building CXX object CMakeFiles/cmTC_cd275.dir/CheckFunctionExists.cxx.o
/bin/x86_64-linux-gnu-g++-9    -DCHECK_FUNCTION_EXISTS=pthread_create   -std=gnu++17 -o CMakeFiles/cmTC_cd275.dir/CheckFunctionExists.cxx.o -c /mntpliki_mic/C++/MealApp/build/CMakeFiles/CheckLibraryExists/CheckFunctionExists.cxx
Linking CXX executable cmTC_cd275
/usr/bin/cmake -E cmake_link_script CMakeFiles/cmTC_cd275.dir/link.txt --verbose=1
/bin/x86_64-linux-gnu-g++-9   -DCHECK_FUNCTION_EXISTS=pthread_create    CMakeFiles/cmTC_cd275.dir/CheckFunctionExists.cxx.o  -o cmTC_cd275  -lpthreads 
/usr/bin/ld: cannot find -lpthreads
collect2: error: ld returned 1 exit status
make[1]: *** [CMakeFiles/cmTC_cd275.dir/build.make:87: cmTC_cd275] Error 1
make[1]: Leaving directory '/mntpliki_mic/C++/MealApp/build/CMakeFiles/CMakeTmp'
make: *** [Makefile:121: cmTC_cd275/fast] Error 2



